Loading chauffeur routes...
✅ Chauffeur routes loaded successfully
Loading livreur routes...
✅ Livreur routes loaded successfully
✅ Livraison routes loaded successfully
✅ Locations routes loaded successfully
Loading places routes...
✅ Places routes loaded successfully
Loading directions routes...
✅ Directions routes loaded successfully
Loading trips routes...
✅ Trips routes loaded successfully
Loading rides routes...
✅ Rides routes loaded successfully
Loading WebSocket routes...
✅ WebSocket routes loaded successfully
🔌 Initializing WebSocket server...
🚀 WebSocket Server initialized (Native HTTP Upgrade)
✅ WebSocket server initialized successfully
✅ Serveur en ligne sur http://0.0.0.0:5001
✅ PostgreSQL database connected successfully
💓 Server heartbeat - still running after 3 seconds
💓 Server heartbeat - still running after 10 seconds
📪 SIGTERM received. Shutting down gracefully...
✅ Process terminated
